<?xml version="1.0" encoding="UTF-8"?>
<!-- Generated by org.testng.reporters.JUnitXMLReporter -->
<testsuite ignored="8" hostname="LTIN486088" failures="0" tests="27" name="Test" time="94.344" errors="0" timestamp="2024-04-10T15:28:37 IST">
  <testcase classname="testScenario.TestScenario_01_EnteringRequiredValuesInHomePage" name="enterRequiredValuesInHomePage" time="3.89"/>
  <testcase classname="testScenario.TestScenario_02_EMIPaymentTable2425" name="emiPaymentTable2425" time="1.269"/>
  <testcase classname="testScenario.TestScenario_02_EMIPaymentTable2425" name="YearTableInExcel" time="5.507"/>
  <testcase classname="testScenario.TestScenario_03_EMICalculatorPageUIChecks" name="ValidatingLoanAmountTextBoxAndSlider" time="1.899"/>
  <testcase classname="testScenario.TestScenario_03_EMICalculatorPageUIChecks" name="ScaleChangeForLoanAmountTextBoxAndSlider" time="3.078"/>
  <testcase classname="testScenario.TestScenario_03_EMICalculatorPageUIChecks" name="ValidatingInterestRateTextBoxAndSlider" time="1.456"/>
  <testcase classname="testScenario.TestScenario_03_EMICalculatorPageUIChecks" name="ScaleChangeForInterestRateTextBoxAndSlider" time="2.342"/>
  <testcase classname="testScenario.TestScenario_03_EMICalculatorPageUIChecks" name="ValidatingLoanTenureTextBoxAndSlider" time="1.386"/>
  <testcase classname="testScenario.TestScenario_03_EMICalculatorPageUIChecks" name="EMICalculator_ScaleChangeForLoanTenureTextBoxAndSlider" time="2.252"/>
  <testcase classname="testScenario.TestScenario_03_EMICalculatorPageUIChecks" name="ValidatingFeesAndChargesTextBoxAndSlider" time="1.57"/>
  <testcase classname="testScenario.TestScenario_03_EMICalculatorPageUIChecks" name="ScaleChangeForFeesAndChargesTextBoxAndSlider" time="3.144"/>
  <testcase classname="testScenario.TestScenario_03_EMICalculatorPageUIChecks" name="ValidationForYearAndMonthOption" time="3.95"/>
  <testcase classname="testScenario.TestScenario_04_LoanAmtCalculatorUIChecks" name="LoanAmtCalculator_ValidatingEMITextBoxAndSlider" time="4.632"/>
  <testcase classname="testScenario.TestScenario_04_LoanAmtCalculatorUIChecks" name="LoanAmtCalculator_ValidatingInterestRateTextBoxAndSlider" time="0.493"/>
  <testcase classname="testScenario.TestScenario_04_LoanAmtCalculatorUIChecks" name="LoanAmtCalculator_ScaleChangeForInterestRateTextBoxAndSlider" time="3.25"/>
  <testcase classname="testScenario.TestScenario_04_LoanAmtCalculatorUIChecks" name="validateLoanTenureTextBoxAndSlider" time="2.484"/>
  <testcase classname="testScenario.TestScenario_04_LoanAmtCalculatorUIChecks" name="validatingDataFlowBetweenLoanTenureSliderAndTextBox" time="3.138"/>
  <testcase classname="testScenario.TestScenario_04_LoanAmtCalculatorUIChecks" name="validateFeesAndChargesTextBoxAndSlider" time="2.992"/>
  <testcase classname="testScenario.TestScenario_04_LoanAmtCalculatorUIChecks" name="validatingDataFlowBetweenYearAndMonthButton" time="2.191"/>
  <testcase classname="testScenario.TestScenario_04_LoanAmtCalculatorUIChecks" name="validatingDataFlowBetweenFeesAndChargesSliderAndTextBox" time="3.085"/>
  <testcase classname="testScenario.TestScenario_05_LoanTenureUIChecks" name="validateDataFlowBetweenInterestRateSliderAndTextBox" time="1.409"/>
  <testcase classname="testScenario.TestScenario_05_LoanTenureUIChecks" name="validateFeesAndChargesTextBoxAndSlider" time="3.79"/>
  <testcase classname="testScenario.TestScenario_05_LoanTenureUIChecks" name="validateInterestRateTextBoxAndSlider" time="3.924"/>
  <testcase classname="testScenario.TestScenario_05_LoanTenureUIChecks" name="validateLoanAmountTextBoxAndSlider" time="2.025"/>
  <testcase classname="testScenario.TestScenario_05_LoanTenureUIChecks" name="validatingDataFlowBetweenFeesAndChargesSliderAndTextBox" time="4.643"/>
  <testcase classname="testScenario.TestScenario_05_LoanTenureUIChecks" name="validatingDataFlowBetweenLoanAmountSliderAndTextBox" time="3.287"/>
  <testcase classname="testScenario.TestScenario_05_LoanTenureUIChecks" name="validatingEMITextBoxAndSlider" time="4.637"/>
  <testcase classname="testBase.BaseClass" name="@BeforeTest setUp" time="0.0">
    <ignored/>
  </testcase> <!-- @BeforeTest setUp -->
  <testcase classname="testBase.BaseClass" name="@AfterTest tearDown" time="0.0">
    <ignored/>
  </testcase> <!-- @AfterTest tearDown -->
  <testcase classname="testBase.BaseClass" name="@AfterTest tearDown" time="0.0">
    <ignored/>
  </testcase> <!-- @AfterTest tearDown -->
  <testcase classname="testBase.BaseClass" name="@AfterTest tearDown" time="0.0">
    <ignored/>
  </testcase> <!-- @AfterTest tearDown -->
  <testcase classname="testBase.BaseClass" name="@BeforeTest setUp" time="0.0">
    <ignored/>
  </testcase> <!-- @BeforeTest setUp -->
  <testcase classname="testBase.BaseClass" name="@BeforeTest setUp" time="0.0">
    <ignored/>
  </testcase> <!-- @BeforeTest setUp -->
  <testcase classname="testBase.BaseClass" name="@AfterTest tearDown" time="0.0">
    <ignored/>
  </testcase> <!-- @AfterTest tearDown -->
  <testcase classname="testBase.BaseClass" name="@BeforeTest setUp" time="0.0">
    <ignored/>
  </testcase> <!-- @BeforeTest setUp -->
</testsuite> <!-- Test -->
