<?xml version="1.0" encoding="UTF-8"?>
<testng-results ignored="0" total="27" passed="27" failed="0" skipped="0">
  <reporter-output>
  </reporter-output>
  <suite started-at="2024-04-10T15:27:02 IST" name="Suite" finished-at="2024-04-10T15:28:36 IST" duration-ms="94344">
    <groups>
    </groups>
    <test started-at="2024-04-10T15:27:02 IST" name="Test" finished-at="2024-04-10T15:28:36 IST" duration-ms="94344">
      <class name="testScenario.TestScenario_03_EMICalculatorPageUIChecks">
        <test-method signature="ValidatingLoanAmountTextBoxAndSlider()[pri:1, instance:testScenario.TestScenario_03_EMICalculatorPageUIChecks@6c6cb480]" started-at="2024-04-10T15:27:24 IST" name="ValidatingLoanAmountTextBoxAndSlider" finished-at="2024-04-10T15:27:26 IST" duration-ms="1899" status="PASS">
          <reporter-output>
          </reporter-output>
        </test-method> <!-- ValidatingLoanAmountTextBoxAndSlider -->
        <test-method signature="ScaleChangeForLoanAmountTextBoxAndSlider()[pri:2, instance:testScenario.TestScenario_03_EMICalculatorPageUIChecks@6c6cb480]" started-at="2024-04-10T15:27:26 IST" name="ScaleChangeForLoanAmountTextBoxAndSlider" finished-at="2024-04-10T15:27:29 IST" duration-ms="3078" status="PASS">
          <reporter-output>
          </reporter-output>
        </test-method> <!-- ScaleChangeForLoanAmountTextBoxAndSlider -->
        <test-method signature="ValidatingInterestRateTextBoxAndSlider()[pri:3, instance:testScenario.TestScenario_03_EMICalculatorPageUIChecks@6c6cb480]" started-at="2024-04-10T15:27:29 IST" name="ValidatingInterestRateTextBoxAndSlider" finished-at="2024-04-10T15:27:30 IST" duration-ms="1456" status="PASS">
          <reporter-output>
          </reporter-output>
        </test-method> <!-- ValidatingInterestRateTextBoxAndSlider -->
        <test-method signature="ScaleChangeForInterestRateTextBoxAndSlider()[pri:4, instance:testScenario.TestScenario_03_EMICalculatorPageUIChecks@6c6cb480]" started-at="2024-04-10T15:27:31 IST" name="ScaleChangeForInterestRateTextBoxAndSlider" finished-at="2024-04-10T15:27:33 IST" duration-ms="2342" status="PASS">
          <reporter-output>
          </reporter-output>
        </test-method> <!-- ScaleChangeForInterestRateTextBoxAndSlider -->
        <test-method signature="ValidatingLoanTenureTextBoxAndSlider()[pri:5, instance:testScenario.TestScenario_03_EMICalculatorPageUIChecks@6c6cb480]" started-at="2024-04-10T15:27:33 IST" name="ValidatingLoanTenureTextBoxAndSlider" finished-at="2024-04-10T15:27:34 IST" duration-ms="1386" status="PASS">
          <reporter-output>
          </reporter-output>
        </test-method> <!-- ValidatingLoanTenureTextBoxAndSlider -->
        <test-method signature="EMICalculator_ScaleChangeForLoanTenureTextBoxAndSlider()[pri:6, instance:testScenario.TestScenario_03_EMICalculatorPageUIChecks@6c6cb480]" started-at="2024-04-10T15:27:35 IST" name="EMICalculator_ScaleChangeForLoanTenureTextBoxAndSlider" finished-at="2024-04-10T15:27:37 IST" duration-ms="2252" status="PASS">
          <reporter-output>
          </reporter-output>
        </test-method> <!-- EMICalculator_ScaleChangeForLoanTenureTextBoxAndSlider -->
        <test-method signature="ValidatingFeesAndChargesTextBoxAndSlider()[pri:7, instance:testScenario.TestScenario_03_EMICalculatorPageUIChecks@6c6cb480]" started-at="2024-04-10T15:27:37 IST" name="ValidatingFeesAndChargesTextBoxAndSlider" finished-at="2024-04-10T15:27:39 IST" duration-ms="1570" status="PASS">
          <reporter-output>
          </reporter-output>
        </test-method> <!-- ValidatingFeesAndChargesTextBoxAndSlider -->
        <test-method signature="ScaleChangeForFeesAndChargesTextBoxAndSlider()[pri:8, instance:testScenario.TestScenario_03_EMICalculatorPageUIChecks@6c6cb480]" started-at="2024-04-10T15:27:39 IST" name="ScaleChangeForFeesAndChargesTextBoxAndSlider" finished-at="2024-04-10T15:27:42 IST" duration-ms="3144" status="PASS">
          <reporter-output>
          </reporter-output>
        </test-method> <!-- ScaleChangeForFeesAndChargesTextBoxAndSlider -->
        <test-method signature="ValidationForYearAndMonthOption()[pri:9, instance:testScenario.TestScenario_03_EMICalculatorPageUIChecks@6c6cb480]" started-at="2024-04-10T15:27:42 IST" name="ValidationForYearAndMonthOption" finished-at="2024-04-10T15:27:46 IST" duration-ms="3950" status="PASS">
          <reporter-output>
          </reporter-output>
        </test-method> <!-- ValidationForYearAndMonthOption -->
      </class> <!-- testScenario.TestScenario_03_EMICalculatorPageUIChecks -->
      <class name="testScenario.TestScenario_01_EnteringRequiredValuesInHomePage">
        <test-method is-config="true" signature="setUp(java.lang.String)[pri:0, instance:testScenario.TestScenario_01_EnteringRequiredValuesInHomePage@4afcd809]" started-at="2024-04-10T15:27:02 IST" name="setUp" finished-at="2024-04-10T15:27:13 IST" duration-ms="10767" status="PASS">
          <params>
            <param index="0">
              <value>
                <![CDATA[chrome]]>
              </value>
            </param>
          </params>
          <reporter-output>
          </reporter-output>
        </test-method> <!-- setUp -->
        <test-method signature="enterRequiredValuesInHomePage()[pri:0, instance:testScenario.TestScenario_01_EnteringRequiredValuesInHomePage@4afcd809]" started-at="2024-04-10T15:27:13 IST" name="enterRequiredValuesInHomePage" finished-at="2024-04-10T15:27:16 IST" duration-ms="3890" status="PASS">
          <reporter-output>
          </reporter-output>
        </test-method> <!-- enterRequiredValuesInHomePage -->
        <test-method is-config="true" signature="tearDown()[pri:0, instance:testScenario.TestScenario_01_EnteringRequiredValuesInHomePage@4afcd809]" started-at="2024-04-10T15:28:34 IST" name="tearDown" finished-at="2024-04-10T15:28:36 IST" duration-ms="1624" status="PASS">
          <reporter-output>
          </reporter-output>
        </test-method> <!-- tearDown -->
      </class> <!-- testScenario.TestScenario_01_EnteringRequiredValuesInHomePage -->
      <class name="testScenario.TestScenario_02_EMIPaymentTable2425">
        <test-method signature="emiPaymentTable2425()[pri:1, instance:testScenario.TestScenario_02_EMIPaymentTable2425@408d971b]" started-at="2024-04-10T15:27:17 IST" name="emiPaymentTable2425" finished-at="2024-04-10T15:27:18 IST" duration-ms="1269" status="PASS">
          <reporter-output>
          </reporter-output>
        </test-method> <!-- emiPaymentTable2425 -->
        <test-method signature="YearTableInExcel()[pri:2, instance:testScenario.TestScenario_02_EMIPaymentTable2425@408d971b]" started-at="2024-04-10T15:27:18 IST" name="YearTableInExcel" finished-at="2024-04-10T15:27:24 IST" duration-ms="5507" status="PASS">
          <reporter-output>
          </reporter-output>
        </test-method> <!-- YearTableInExcel -->
      </class> <!-- testScenario.TestScenario_02_EMIPaymentTable2425 -->
      <class name="testScenario.TestScenario_05_LoanTenureUIChecks">
        <test-method signature="validateDataFlowBetweenInterestRateSliderAndTextBox()[pri:0, instance:testScenario.TestScenario_05_LoanTenureUIChecks@c730b35]" started-at="2024-04-10T15:28:09 IST" name="validateDataFlowBetweenInterestRateSliderAndTextBox" finished-at="2024-04-10T15:28:11 IST" duration-ms="1409" status="PASS">
          <reporter-output>
          </reporter-output>
        </test-method> <!-- validateDataFlowBetweenInterestRateSliderAndTextBox -->
        <test-method signature="validateFeesAndChargesTextBoxAndSlider()[pri:0, instance:testScenario.TestScenario_05_LoanTenureUIChecks@c730b35]" started-at="2024-04-10T15:28:11 IST" name="validateFeesAndChargesTextBoxAndSlider" finished-at="2024-04-10T15:28:15 IST" duration-ms="3790" status="PASS">
          <reporter-output>
          </reporter-output>
        </test-method> <!-- validateFeesAndChargesTextBoxAndSlider -->
        <test-method signature="validateInterestRateTextBoxAndSlider()[pri:0, instance:testScenario.TestScenario_05_LoanTenureUIChecks@c730b35]" started-at="2024-04-10T15:28:15 IST" name="validateInterestRateTextBoxAndSlider" finished-at="2024-04-10T15:28:19 IST" duration-ms="3924" status="PASS">
          <reporter-output>
          </reporter-output>
        </test-method> <!-- validateInterestRateTextBoxAndSlider -->
        <test-method signature="validateLoanAmountTextBoxAndSlider()[pri:0, instance:testScenario.TestScenario_05_LoanTenureUIChecks@c730b35]" started-at="2024-04-10T15:28:19 IST" name="validateLoanAmountTextBoxAndSlider" finished-at="2024-04-10T15:28:21 IST" duration-ms="2025" status="PASS">
          <reporter-output>
          </reporter-output>
        </test-method> <!-- validateLoanAmountTextBoxAndSlider -->
        <test-method signature="validatingDataFlowBetweenFeesAndChargesSliderAndTextBox()[pri:0, instance:testScenario.TestScenario_05_LoanTenureUIChecks@c730b35]" started-at="2024-04-10T15:28:21 IST" name="validatingDataFlowBetweenFeesAndChargesSliderAndTextBox" finished-at="2024-04-10T15:28:26 IST" duration-ms="4643" status="PASS">
          <reporter-output>
          </reporter-output>
        </test-method> <!-- validatingDataFlowBetweenFeesAndChargesSliderAndTextBox -->
        <test-method signature="validatingDataFlowBetweenLoanAmountSliderAndTextBox()[pri:0, instance:testScenario.TestScenario_05_LoanTenureUIChecks@c730b35]" started-at="2024-04-10T15:28:26 IST" name="validatingDataFlowBetweenLoanAmountSliderAndTextBox" finished-at="2024-04-10T15:28:29 IST" duration-ms="3287" status="PASS">
          <reporter-output>
          </reporter-output>
        </test-method> <!-- validatingDataFlowBetweenLoanAmountSliderAndTextBox -->
        <test-method signature="validatingEMITextBoxAndSlider()[pri:0, instance:testScenario.TestScenario_05_LoanTenureUIChecks@c730b35]" started-at="2024-04-10T15:28:29 IST" name="validatingEMITextBoxAndSlider" finished-at="2024-04-10T15:28:34 IST" duration-ms="4637" status="PASS">
          <reporter-output>
          </reporter-output>
        </test-method> <!-- validatingEMITextBoxAndSlider -->
      </class> <!-- testScenario.TestScenario_05_LoanTenureUIChecks -->
      <class name="testScenario.TestScenario_04_LoanAmtCalculatorUIChecks">
        <test-method signature="LoanAmtCalculator_ValidatingEMITextBoxAndSlider()[pri:1, instance:testScenario.TestScenario_04_LoanAmtCalculatorUIChecks@3c46e67a]" started-at="2024-04-10T15:27:46 IST" name="LoanAmtCalculator_ValidatingEMITextBoxAndSlider" finished-at="2024-04-10T15:27:51 IST" duration-ms="4632" status="PASS">
          <reporter-output>
          </reporter-output>
        </test-method> <!-- LoanAmtCalculator_ValidatingEMITextBoxAndSlider -->
        <test-method signature="LoanAmtCalculator_ValidatingInterestRateTextBoxAndSlider()[pri:2, instance:testScenario.TestScenario_04_LoanAmtCalculatorUIChecks@3c46e67a]" started-at="2024-04-10T15:27:51 IST" name="LoanAmtCalculator_ValidatingInterestRateTextBoxAndSlider" finished-at="2024-04-10T15:27:51 IST" duration-ms="493" status="PASS">
          <reporter-output>
          </reporter-output>
        </test-method> <!-- LoanAmtCalculator_ValidatingInterestRateTextBoxAndSlider -->
        <test-method signature="LoanAmtCalculator_ScaleChangeForInterestRateTextBoxAndSlider()[pri:3, instance:testScenario.TestScenario_04_LoanAmtCalculatorUIChecks@3c46e67a]" started-at="2024-04-10T15:27:51 IST" name="LoanAmtCalculator_ScaleChangeForInterestRateTextBoxAndSlider" finished-at="2024-04-10T15:27:55 IST" duration-ms="3250" status="PASS">
          <reporter-output>
          </reporter-output>
        </test-method> <!-- LoanAmtCalculator_ScaleChangeForInterestRateTextBoxAndSlider -->
        <test-method signature="validateLoanTenureTextBoxAndSlider()[pri:4, instance:testScenario.TestScenario_04_LoanAmtCalculatorUIChecks@3c46e67a]" started-at="2024-04-10T15:27:55 IST" name="validateLoanTenureTextBoxAndSlider" finished-at="2024-04-10T15:27:57 IST" duration-ms="2484" status="PASS">
          <reporter-output>
          </reporter-output>
        </test-method> <!-- validateLoanTenureTextBoxAndSlider -->
        <test-method signature="validatingDataFlowBetweenLoanTenureSliderAndTextBox()[pri:5, instance:testScenario.TestScenario_04_LoanAmtCalculatorUIChecks@3c46e67a]" started-at="2024-04-10T15:27:57 IST" name="validatingDataFlowBetweenLoanTenureSliderAndTextBox" finished-at="2024-04-10T15:28:01 IST" duration-ms="3138" status="PASS">
          <reporter-output>
          </reporter-output>
        </test-method> <!-- validatingDataFlowBetweenLoanTenureSliderAndTextBox -->
        <test-method signature="validateFeesAndChargesTextBoxAndSlider()[pri:6, instance:testScenario.TestScenario_04_LoanAmtCalculatorUIChecks@3c46e67a]" started-at="2024-04-10T15:28:01 IST" name="validateFeesAndChargesTextBoxAndSlider" finished-at="2024-04-10T15:28:04 IST" duration-ms="2992" status="PASS">
          <reporter-output>
          </reporter-output>
        </test-method> <!-- validateFeesAndChargesTextBoxAndSlider -->
        <test-method signature="validatingDataFlowBetweenYearAndMonthButton()[pri:7, instance:testScenario.TestScenario_04_LoanAmtCalculatorUIChecks@3c46e67a]" started-at="2024-04-10T15:28:04 IST" name="validatingDataFlowBetweenYearAndMonthButton" finished-at="2024-04-10T15:28:06 IST" duration-ms="2191" status="PASS">
          <reporter-output>
          </reporter-output>
        </test-method> <!-- validatingDataFlowBetweenYearAndMonthButton -->
        <test-method signature="validatingDataFlowBetweenFeesAndChargesSliderAndTextBox()[pri:8, instance:testScenario.TestScenario_04_LoanAmtCalculatorUIChecks@3c46e67a]" started-at="2024-04-10T15:28:06 IST" name="validatingDataFlowBetweenFeesAndChargesSliderAndTextBox" finished-at="2024-04-10T15:28:09 IST" duration-ms="3085" status="PASS">
          <reporter-output>
          </reporter-output>
        </test-method> <!-- validatingDataFlowBetweenFeesAndChargesSliderAndTextBox -->
      </class> <!-- testScenario.TestScenario_04_LoanAmtCalculatorUIChecks -->
    </test> <!-- Test -->
  </suite> <!-- Suite -->
</testng-results>
